{
  "0 debug pnpm:scope": {
    "selected": 1
  },
  "1 warn pnpm": {
    "message": "Unsupported engine: wanted: {\"node\":\">=16.13.2\"} (current: {\"node\":\"v14.17.0\",\"pnpm\":\"6.32.1\"})",
    "prefix": "/home/ubuntu/nightly"
  },
  "2 error pnpm": {
    "code": "ELIFECYCLE",
    "errno": "ENOENT",
    "syscall": "spawn",
    "file": "sh",
    "pkgid": "nintod@1.0.0",
    "stage": "dev",
    "script": "nodemon",
    "pkgname": "nintod",
    "err": {
      "name": "pnpm",
      "message": "nintod@1.0.0 dev: `nodemon`\nspawn ENOENT",
      "code": "ELIFECYCLE",
      "stack": "pnpm: nintod@1.0.0 dev: `nodemon`\nspawn ENOENT\n    at ChildProcess.<anonymous> (/snapshot/dist/pnpm.cjs)\n    at ChildProcess.emit (events.js:376:20)\n    at maybeClose (internal/child_process.js:1055:16)\n    at Process.ChildProcess._handle.onexit (internal/child_process.js:288:5)"
    }
  },
  "3 warn pnpm:global": " Local package.json exists, but node_modules missing, did you mean to install?"
}